<?xml version="1.0" encoding="UTF-8"?>
<!-- Generated by org.testng.reporters.JUnitReportReporter -->
<testsuite hostname="DESKTOP-GH9PSVH" failures="0" tests="1" name="serial.Serialization" time="4.059" errors="0" timestamp="2022-03-07T23:18:17 IST" skipped="0">
  <testcase classname="serial.Serialization" name="tosetProgramDetails" time="4.059"/>
  <system-out/>
</testsuite> <!-- serial.Serialization -->
