<?xml version="1.0" encoding="UTF-8"?>
<!-- Generated by org.testng.reporters.JUnitReportReporter -->
<testsuite hostname="DESKTOP-GH9PSVH" failures="0" tests="1" name="Requets.DELETE" time="2.423" errors="0" timestamp="2022-03-07T22:29:58 IST" skipped="0">
  <testcase classname="Requets.DELETE" name="deleteRequest" time="2.423"/>
  <system-out/>
</testsuite> <!-- Requets.DELETE -->
