<?xml version="1.0" encoding="UTF-8"?>
<!-- Generated by org.testng.reporters.JUnitReportReporter -->
<testsuite hostname="Chozhan" failures="0" tests="1" name="Requets.GET_Request" time="1.717" errors="0" timestamp="2024-09-09T12:03:12 IST" skipped="0">
  <testcase classname="Requets.GET_Request" name="GET_EmployeesList" time="1.717"/>
  <system-out/>
</testsuite> <!-- Requets.GET_Request -->
