<?xml version="1.0" encoding="UTF-8"?>
<!-- Generated by org.testng.reporters.JUnitReportReporter -->
<testsuite hostname="Chozhan" failures="0" tests="2" name="Requets.PUT" time="4.524" errors="0" timestamp="2024-09-09T13:22:23 IST" skipped="0">
  <testcase classname="Requets.PUT" name="updateEmployee" time="3.255"/>
  <system-out/>
  <testcase classname="Requets.PUT" name="POST_An_Employee_using_JsonFile" time="1.269"/>
  <system-out/>
</testsuite> <!-- Requets.PUT -->
