<?xml version="1.0" encoding="UTF-8"?>
<!-- Generated by org.testng.reporters.JUnitReportReporter -->
<testsuite hostname="DESKTOP-GH9PSVH" failures="0" tests="1" name="deserial.TestDeserial" time="5.359" errors="0" timestamp="2022-03-07T23:19:47 IST" skipped="0">
  <testcase classname="deserial.TestDeserial" name="getPojoFromProgramInfoObject" time="5.359"/>
  <system-out/>
</testsuite> <!-- deserial.TestDeserial -->
