<?xml version="1.0" encoding="UTF-8"?>
<!-- Generated by org.testng.reporters.JUnitReportReporter -->
<testsuite hostname="Chozhan" failures="0" tests="1" name="Requets.Header_validation" time="2.645" errors="0" timestamp="2024-09-09T16:28:07 IST" skipped="0">
  <testcase classname="Requets.Header_validation" name="ressponseAssertion" time="2.645"/>
  <system-out/>
</testsuite> <!-- Requets.Header_validation -->
